This is pdfTeX, Version 3.141592653-2.6-1.40.27 (TeX Live 2025) (preloaded format=pdflatex 2025.11.7)  7 NOV 2025 12:38
entering extended mode
 restricted \write18 enabled.
 %&-line parsing enabled.
**Suitcase.tex
(./Suitcase.tex
LaTeX2e <2024-11-01> patch level 2
L3 programming layer <2025-01-18>
(/usr/local/texlive/2025basic/texmf-dist/tex/latex/base/article.cls
Document Class: article 2024/06/29 v1.4n Standard LaTeX document class
(/usr/local/texlive/2025basic/texmf-dist/tex/latex/base/size10.clo
File: size10.clo 2024/06/29 v1.4n Standard LaTeX file (size option)
)
\c@part=\count196
\c@section=\count197
\c@subsection=\count198
\c@subsubsection=\count199
\c@paragraph=\count266
\c@subparagraph=\count267
\c@figure=\count268
\c@table=\count269
\abovecaptionskip=\skip49
\belowcaptionskip=\skip50
\bibindent=\dimen141
)
(/Users/lisadahl/Library/texmf/tex/latex/noweb/noweb.sty
\nwmarginglue=\dimen142
\codehsize=\dimen143
\codemargin=\dimen144
\nwdefspace=\dimen145
\equivbox=\box52
LaTeX Font Info:    External font `cmex10' loaded for size
(Font)              <7> on input line 80.
LaTeX Font Info:    External font `cmex10' loaded for size
(Font)              <5> on input line 80.
\plusequivbox=\box53
\@nwbegincodelinewidth=\dimen146
\nwcodetopsep=\skip51
\nwcodepenalty=\count270
\nwbreakcodespace=\dimen147
\@original@textwidth=\dimen148
\nwcodecommentsep=\skip52
\@nwlopage=\count271
\@nwhipage=\count272
\@nwlosub=\count273
\@nwhisub=\count274
\@nwpagetemp=\count275
\@nwpagecount=\count276
\sub@page=\count277
\@nwalph@n=\count278
\nw@chunkcount=\count279
\@commacount=\count280
\nwix@counter=\count281
)
(/usr/local/texlive/2025basic/texmf-dist/tex/latex/l3backend/l3backend-pdftex.d
ef
File: l3backend-pdftex.def 2024-05-08 L3 backend support: PDF output (pdfTeX)
\l__color_backend_stack_int=\count282
\l__pdf_internal_box=\box54
) (./Suitcase.aux)
\openout1 = `Suitcase.aux'.

LaTeX Font Info:    Checking defaults for OML/cmm/m/it on input line 1.
LaTeX Font Info:    ... okay on input line 1.
LaTeX Font Info:    Checking defaults for OMS/cmsy/m/n on input line 1.
LaTeX Font Info:    ... okay on input line 1.
LaTeX Font Info:    Checking defaults for OT1/cmr/m/n on input line 1.
LaTeX Font Info:    ... okay on input line 1.
LaTeX Font Info:    Checking defaults for T1/cmr/m/n on input line 1.
LaTeX Font Info:    ... okay on input line 1.
LaTeX Font Info:    Checking defaults for TS1/cmr/m/n on input line 1.
LaTeX Font Info:    ... okay on input line 1.
LaTeX Font Info:    Checking defaults for OMX/cmex/m/n on input line 1.
LaTeX Font Info:    ... okay on input line 1.
LaTeX Font Info:    Checking defaults for U/cmr/m/n on input line 1.
LaTeX Font Info:    ... okay on input line 1.
LaTeX Font Info:    External font `cmex10' loaded for size
(Font)              <12> on input line 4.
LaTeX Font Info:    External font `cmex10' loaded for size
(Font)              <8> on input line 4.
LaTeX Font Info:    External font `cmex10' loaded for size
(Font)              <6> on input line 4.
 (./Suitcase.toc

[1

{/usr/local/texlive/2025basic/texmf-var/fonts/map/pdftex/updmap/pdftex.map}])
\tf@toc=\write3
\openout3 = `Suitcase.toc'.



[2]
Overfull \hbox (41.99963pt too wide) in paragraph at lines 68--68
 []  \OT1/cmtt/m/n/10 notangle -L'//line %L "%F"%N' -RBreadthFirstIterator.java
 Suitcase.nw > BreadthFirstIterator.java[]  
 []


Overfull \hbox (89.24922pt too wide) in paragraph at lines 80--80
 []\OT1/cmtt/m/n/10 classes: Component.java Leaf.java Composite.java Client.jav
a BreadthFirstIterator.java PreorderIterator.java[]  
 []



[3]
LaTeX Font Info:    Font shape `OT1/cmtt/bx/n' in size <12> not available
(Font)              Font shape `OT1/cmtt/m/n' tried instead on input line 101.


[4]

[5]

[6]
LaTeX Font Info:    Font shape `OT1/cmtt/bx/n' in size <10> not available
(Font)              Font shape `OT1/cmtt/m/n' tried instead on input line 225.


[7]

[8]

[9]

[10]

[11]

[12]

[13]

[14]

[15] (./Suitcase.aux)
 ***********
LaTeX2e <2024-11-01> patch level 2
L3 programming layer <2025-01-18>
 ***********
 ) 
Here is how much of TeX's memory you used:
 782 strings out of 474662
 13006 string characters out of 5751109
 410180 words of memory out of 5000000
 23880 multiletter control sequences out of 15000+600000
 564457 words of font info for 55 fonts, out of 8000000 for 9000
 319 hyphenation exceptions out of 8191
 35i,6n,50p,435b,388s stack positions out of 10000i,1000n,20000p,200000b,200000s
 </Users/lisadahl/Library/texlive/2025basic/texmf-var/fonts/pk/ljfour/jknappe
n/ec/tcrm1000.600pk></usr/local/texlive/2025basic/texmf-dist/fonts/type1/public
/amsfonts/cm/cmbx10.pfb></usr/local/texlive/2025basic/texmf-dist/fonts/type1/pu
blic/amsfonts/cm/cmbx12.pfb></usr/local/texlive/2025basic/texmf-dist/fonts/type
1/public/amsfonts/cm/cmr10.pfb></usr/local/texlive/2025basic/texmf-dist/fonts/t
ype1/public/amsfonts/cm/cmr12.pfb></usr/local/texlive/2025basic/texmf-dist/font
s/type1/public/amsfonts/cm/cmr17.pfb></usr/local/texlive/2025basic/texmf-dist/f
onts/type1/public/amsfonts/cm/cmsy10.pfb></usr/local/texlive/2025basic/texmf-di
st/fonts/type1/public/amsfonts/cm/cmti10.pfb></usr/local/texlive/2025basic/texm
f-dist/fonts/type1/public/amsfonts/cm/cmti12.pfb></usr/local/texlive/2025basic/
texmf-dist/fonts/type1/public/amsfonts/cm/cmtt10.pfb></usr/local/texlive/2025ba
sic/texmf-dist/fonts/type1/public/amsfonts/cm/cmtt12.pfb>
Output written on Suitcase.pdf (15 pages, 158839 bytes).
PDF statistics:
 109 PDF objects out of 1000 (max. 8388607)
 69 compressed objects within 1 object stream
 0 named destinations out of 1000 (max. 500000)
 1 words of extra memory for PDF output out of 10000 (max. 10000000)

